<?xml version="1.0" encoding="UTF-8"?>
<!-- Generated by org.testng.reporters.JUnitReportReporter -->
<testsuite hostname="DESKTOP-PPBJL9U" name="utils.SampleReport" tests="1" failures="0" timestamp="9 Dec 2019 15:12:52 GMT" time="0.903" errors="0">
  <testcase name="generateReport" time="0.903" classname="utils.SampleReport"/>
</testsuite> <!-- utils.SampleReport -->
