<?xml version="1.0" encoding="UTF-8"?>
<!-- Generated by org.testng.reporters.JUnitReportReporter -->
<testsuite hostname="DESKTOP-PPBJL9U" name="pom.irctc.testcases.TC002" tests="1" failures="0" timestamp="20 Dec 2019 08:42:24 GMT" time="48.314" errors="0">
  <testcase name="Irctc_Accommodations" time="48.314" classname="pom.irctc.testcases.TC002"/>
</testsuite> <!-- pom.irctc.testcases.TC002 -->
