<?xml version="1.0" encoding="UTF-8"?>
<!-- Generated by org.testng.reporters.JUnitReportReporter -->
<testsuite hostname="DESKTOP-PPBJL9U" name="pom.irctc.testcases.TC001" tests="1" failures="0" timestamp="21 Dec 2019 12:13:34 GMT" time="128.280" errors="0">
  <testcase name="irctcSignUp" time="128.280" classname="pom.irctc.testcases.TC001"/>
</testsuite> <!-- pom.irctc.testcases.TC001 -->
